<?xml version="1.0" encoding="UTF-8"?>
<testsuite xmlns:xsi="http://www.w3.org/2001/XMLSchema-instance" xsi:noNamespaceSchemaLocation="https://maven.apache.org/surefire/maven-surefire-plugin/xsd/surefire-test-report.xsd" name="cloud.tianai.captcha.demo.TianaiCaptchaDemoApplicationTests" time="1.987" tests="1" errors="0" skipped="0" failures="0">
  <properties>
    <property name="sun.desktop" value="windows"/>
    <property name="awt.toolkit" value="sun.awt.windows.WToolkit"/>
    <property name="file.encoding.pkg" value="sun.io"/>
    <property name="java.specification.version" value="1.8"/>
    <property name="sun.cpu.isalist" value="amd64"/>
    <property name="sun.jnu.encoding" value="GBK"/>
    <property name="java.class.path" value="D:\back_end\tianai-captcha-demo-master\target\test-classes;D:\back_end\tianai-captcha-demo-master\target\classes;D:\apache-maven-3.5.4\repository\org\springframework\boot\spring-boot-starter-thymeleaf\2.6.1\spring-boot-starter-thymeleaf-2.6.1.jar;D:\apache-maven-3.5.4\repository\org\springframework\boot\spring-boot-starter\2.6.1\spring-boot-starter-2.6.1.jar;D:\apache-maven-3.5.4\repository\org\springframework\boot\spring-boot\2.6.1\spring-boot-2.6.1.jar;D:\apache-maven-3.5.4\repository\org\springframework\boot\spring-boot-starter-logging\2.6.1\spring-boot-starter-logging-2.6.1.jar;D:\apache-maven-3.5.4\repository\ch\qos\logback\logback-classic\1.2.7\logback-classic-1.2.7.jar;D:\apache-maven-3.5.4\repository\ch\qos\logback\logback-core\1.2.7\logback-core-1.2.7.jar;D:\apache-maven-3.5.4\repository\org\apache\logging\log4j\log4j-to-slf4j\2.14.1\log4j-to-slf4j-2.14.1.jar;D:\apache-maven-3.5.4\repository\org\apache\logging\log4j\log4j-api\2.14.1\log4j-api-2.14.1.jar;D:\apache-maven-3.5.4\repository\org\slf4j\jul-to-slf4j\1.7.32\jul-to-slf4j-1.7.32.jar;D:\apache-maven-3.5.4\repository\jakarta\annotation\jakarta.annotation-api\1.3.5\jakarta.annotation-api-1.3.5.jar;D:\apache-maven-3.5.4\repository\org\yaml\snakeyaml\1.29\snakeyaml-1.29.jar;D:\apache-maven-3.5.4\repository\org\thymeleaf\thymeleaf-spring5\3.0.12.RELEASE\thymeleaf-spring5-3.0.12.RELEASE.jar;D:\apache-maven-3.5.4\repository\org\thymeleaf\thymeleaf\3.0.12.RELEASE\thymeleaf-3.0.12.RELEASE.jar;D:\apache-maven-3.5.4\repository\org\attoparser\attoparser\2.0.5.RELEASE\attoparser-2.0.5.RELEASE.jar;D:\apache-maven-3.5.4\repository\org\unbescape\unbescape\1.1.6.RELEASE\unbescape-1.1.6.RELEASE.jar;D:\apache-maven-3.5.4\repository\org\slf4j\slf4j-api\1.7.32\slf4j-api-1.7.32.jar;D:\apache-maven-3.5.4\repository\org\thymeleaf\extras\thymeleaf-extras-java8time\3.0.4.RELEASE\thymeleaf-extras-java8time-3.0.4.RELEASE.jar;D:\apache-maven-3.5.4\repository\org\springframework\boot\spring-boot-starter-web\2.6.1\spring-boot-starter-web-2.6.1.jar;D:\apache-maven-3.5.4\repository\org\springframework\boot\spring-boot-starter-json\2.6.1\spring-boot-starter-json-2.6.1.jar;D:\apache-maven-3.5.4\repository\com\fasterxml\jackson\core\jackson-databind\2.13.0\jackson-databind-2.13.0.jar;D:\apache-maven-3.5.4\repository\com\fasterxml\jackson\core\jackson-annotations\2.13.0\jackson-annotations-2.13.0.jar;D:\apache-maven-3.5.4\repository\com\fasterxml\jackson\core\jackson-core\2.13.0\jackson-core-2.13.0.jar;D:\apache-maven-3.5.4\repository\com\fasterxml\jackson\datatype\jackson-datatype-jdk8\2.13.0\jackson-datatype-jdk8-2.13.0.jar;D:\apache-maven-3.5.4\repository\com\fasterxml\jackson\datatype\jackson-datatype-jsr310\2.13.0\jackson-datatype-jsr310-2.13.0.jar;D:\apache-maven-3.5.4\repository\com\fasterxml\jackson\module\jackson-module-parameter-names\2.13.0\jackson-module-parameter-names-2.13.0.jar;D:\apache-maven-3.5.4\repository\org\springframework\boot\spring-boot-starter-tomcat\2.6.1\spring-boot-starter-tomcat-2.6.1.jar;D:\apache-maven-3.5.4\repository\org\apache\tomcat\embed\tomcat-embed-core\9.0.55\tomcat-embed-core-9.0.55.jar;D:\apache-maven-3.5.4\repository\org\apache\tomcat\embed\tomcat-embed-el\9.0.55\tomcat-embed-el-9.0.55.jar;D:\apache-maven-3.5.4\repository\org\apache\tomcat\embed\tomcat-embed-websocket\9.0.55\tomcat-embed-websocket-9.0.55.jar;D:\apache-maven-3.5.4\repository\org\springframework\spring-web\5.3.13\spring-web-5.3.13.jar;D:\apache-maven-3.5.4\repository\org\springframework\spring-beans\5.3.13\spring-beans-5.3.13.jar;D:\apache-maven-3.5.4\repository\org\springframework\spring-webmvc\5.3.13\spring-webmvc-5.3.13.jar;D:\apache-maven-3.5.4\repository\org\springframework\spring-aop\5.3.13\spring-aop-5.3.13.jar;D:\apache-maven-3.5.4\repository\org\springframework\spring-context\5.3.13\spring-context-5.3.13.jar;D:\apache-maven-3.5.4\repository\org\springframework\spring-expression\5.3.13\spring-expression-5.3.13.jar;D:\apache-maven-3.5.4\repository\org\projectlombok\lombok\1.18.22\lombok-1.18.22.jar;D:\apache-maven-3.5.4\repository\org\springframework\boot\spring-boot-starter-test\2.6.1\spring-boot-starter-test-2.6.1.jar;D:\apache-maven-3.5.4\repository\org\springframework\boot\spring-boot-test\2.6.1\spring-boot-test-2.6.1.jar;D:\apache-maven-3.5.4\repository\org\springframework\boot\spring-boot-test-autoconfigure\2.6.1\spring-boot-test-autoconfigure-2.6.1.jar;D:\apache-maven-3.5.4\repository\com\jayway\jsonpath\json-path\2.6.0\json-path-2.6.0.jar;D:\apache-maven-3.5.4\repository\net\minidev\json-smart\2.4.7\json-smart-2.4.7.jar;D:\apache-maven-3.5.4\repository\net\minidev\accessors-smart\2.4.7\accessors-smart-2.4.7.jar;D:\apache-maven-3.5.4\repository\org\ow2\asm\asm\9.1\asm-9.1.jar;D:\apache-maven-3.5.4\repository\jakarta\xml\bind\jakarta.xml.bind-api\2.3.3\jakarta.xml.bind-api-2.3.3.jar;D:\apache-maven-3.5.4\repository\jakarta\activation\jakarta.activation-api\1.2.2\jakarta.activation-api-1.2.2.jar;D:\apache-maven-3.5.4\repository\org\assertj\assertj-core\3.21.0\assertj-core-3.21.0.jar;D:\apache-maven-3.5.4\repository\org\hamcrest\hamcrest\2.2\hamcrest-2.2.jar;D:\apache-maven-3.5.4\repository\org\junit\jupiter\junit-jupiter\5.8.1\junit-jupiter-5.8.1.jar;D:\apache-maven-3.5.4\repository\org\junit\jupiter\junit-jupiter-api\5.8.1\junit-jupiter-api-5.8.1.jar;D:\apache-maven-3.5.4\repository\org\opentest4j\opentest4j\1.2.0\opentest4j-1.2.0.jar;D:\apache-maven-3.5.4\repository\org\junit\platform\junit-platform-commons\1.8.1\junit-platform-commons-1.8.1.jar;D:\apache-maven-3.5.4\repository\org\apiguardian\apiguardian-api\1.1.2\apiguardian-api-1.1.2.jar;D:\apache-maven-3.5.4\repository\org\junit\jupiter\junit-jupiter-params\5.8.1\junit-jupiter-params-5.8.1.jar;D:\apache-maven-3.5.4\repository\org\junit\jupiter\junit-jupiter-engine\5.8.1\junit-jupiter-engine-5.8.1.jar;D:\apache-maven-3.5.4\repository\org\junit\platform\junit-platform-engine\1.8.1\junit-platform-engine-1.8.1.jar;D:\apache-maven-3.5.4\repository\org\mockito\mockito-core\4.0.0\mockito-core-4.0.0.jar;D:\apache-maven-3.5.4\repository\net\bytebuddy\byte-buddy\1.11.22\byte-buddy-1.11.22.jar;D:\apache-maven-3.5.4\repository\net\bytebuddy\byte-buddy-agent\1.11.22\byte-buddy-agent-1.11.22.jar;D:\apache-maven-3.5.4\repository\org\objenesis\objenesis\3.2\objenesis-3.2.jar;D:\apache-maven-3.5.4\repository\org\mockito\mockito-junit-jupiter\4.0.0\mockito-junit-jupiter-4.0.0.jar;D:\apache-maven-3.5.4\repository\org\skyscreamer\jsonassert\1.5.0\jsonassert-1.5.0.jar;D:\apache-maven-3.5.4\repository\com\vaadin\external\google\android-json\0.0.20131108.vaadin1\android-json-0.0.20131108.vaadin1.jar;D:\apache-maven-3.5.4\repository\org\springframework\spring-core\5.3.13\spring-core-5.3.13.jar;D:\apache-maven-3.5.4\repository\org\springframework\spring-jcl\5.3.13\spring-jcl-5.3.13.jar;D:\apache-maven-3.5.4\repository\org\springframework\spring-test\5.3.13\spring-test-5.3.13.jar;D:\apache-maven-3.5.4\repository\org\xmlunit\xmlunit-core\2.8.3\xmlunit-core-2.8.3.jar;D:\apache-maven-3.5.4\repository\cloud\tianai\captcha\tianai-captcha-springboot-starter\1.5.0\tianai-captcha-springboot-starter-1.5.0.jar;D:\apache-maven-3.5.4\repository\org\apache\commons\commons-lang3\3.12.0\commons-lang3-3.12.0.jar;D:\apache-maven-3.5.4\repository\com\google\code\gson\gson\2.8.9\gson-2.8.9.jar;D:\apache-maven-3.5.4\repository\org\springframework\boot\spring-boot-autoconfigure\2.6.1\spring-boot-autoconfigure-2.6.1.jar;D:\apache-maven-3.5.4\repository\org\springframework\boot\spring-boot-autoconfigure-processor\2.6.1\spring-boot-autoconfigure-processor-2.6.1.jar;D:\apache-maven-3.5.4\repository\org\springframework\boot\spring-boot-configuration-processor\2.6.1\spring-boot-configuration-processor-2.6.1.jar;D:\apache-maven-3.5.4\repository\cloud\tianai\captcha\tianai-captcha\1.5.0\tianai-captcha-1.5.0.jar;"/>
    <property name="java.vm.vendor" value="Oracle Corporation"/>
    <property name="sun.arch.data.model" value="64"/>
    <property name="user.variant" value=""/>
    <property name="java.vendor.url" value="http://java.oracle.com/"/>
    <property name="user.timezone" value="Asia/Shanghai"/>
    <property name="java.vm.specification.version" value="1.8"/>
    <property name="os.name" value="Windows 10"/>
    <property name="user.country" value="CN"/>
    <property name="sun.java.launcher" value="SUN_STANDARD"/>
    <property name="sun.boot.library.path" value="D:\jdk1.8\jre\bin"/>
    <property name="sun.java.command" value="C:\Users\Qingshi\AppData\Local\Temp\surefire2541666452247554855\surefirebooter7105216409520878459.jar C:\Users\Qingshi\AppData\Local\Temp\surefire2541666452247554855 2024-07-30T15-13-07_932-jvmRun1 surefire6462598452415237955tmp surefire_04951478469847277175tmp"/>
    <property name="surefire.test.class.path" value="D:\back_end\tianai-captcha-demo-master\target\test-classes;D:\back_end\tianai-captcha-demo-master\target\classes;D:\apache-maven-3.5.4\repository\org\springframework\boot\spring-boot-starter-thymeleaf\2.6.1\spring-boot-starter-thymeleaf-2.6.1.jar;D:\apache-maven-3.5.4\repository\org\springframework\boot\spring-boot-starter\2.6.1\spring-boot-starter-2.6.1.jar;D:\apache-maven-3.5.4\repository\org\springframework\boot\spring-boot\2.6.1\spring-boot-2.6.1.jar;D:\apache-maven-3.5.4\repository\org\springframework\boot\spring-boot-starter-logging\2.6.1\spring-boot-starter-logging-2.6.1.jar;D:\apache-maven-3.5.4\repository\ch\qos\logback\logback-classic\1.2.7\logback-classic-1.2.7.jar;D:\apache-maven-3.5.4\repository\ch\qos\logback\logback-core\1.2.7\logback-core-1.2.7.jar;D:\apache-maven-3.5.4\repository\org\apache\logging\log4j\log4j-to-slf4j\2.14.1\log4j-to-slf4j-2.14.1.jar;D:\apache-maven-3.5.4\repository\org\apache\logging\log4j\log4j-api\2.14.1\log4j-api-2.14.1.jar;D:\apache-maven-3.5.4\repository\org\slf4j\jul-to-slf4j\1.7.32\jul-to-slf4j-1.7.32.jar;D:\apache-maven-3.5.4\repository\jakarta\annotation\jakarta.annotation-api\1.3.5\jakarta.annotation-api-1.3.5.jar;D:\apache-maven-3.5.4\repository\org\yaml\snakeyaml\1.29\snakeyaml-1.29.jar;D:\apache-maven-3.5.4\repository\org\thymeleaf\thymeleaf-spring5\3.0.12.RELEASE\thymeleaf-spring5-3.0.12.RELEASE.jar;D:\apache-maven-3.5.4\repository\org\thymeleaf\thymeleaf\3.0.12.RELEASE\thymeleaf-3.0.12.RELEASE.jar;D:\apache-maven-3.5.4\repository\org\attoparser\attoparser\2.0.5.RELEASE\attoparser-2.0.5.RELEASE.jar;D:\apache-maven-3.5.4\repository\org\unbescape\unbescape\1.1.6.RELEASE\unbescape-1.1.6.RELEASE.jar;D:\apache-maven-3.5.4\repository\org\slf4j\slf4j-api\1.7.32\slf4j-api-1.7.32.jar;D:\apache-maven-3.5.4\repository\org\thymeleaf\extras\thymeleaf-extras-java8time\3.0.4.RELEASE\thymeleaf-extras-java8time-3.0.4.RELEASE.jar;D:\apache-maven-3.5.4\repository\org\springframework\boot\spring-boot-starter-web\2.6.1\spring-boot-starter-web-2.6.1.jar;D:\apache-maven-3.5.4\repository\org\springframework\boot\spring-boot-starter-json\2.6.1\spring-boot-starter-json-2.6.1.jar;D:\apache-maven-3.5.4\repository\com\fasterxml\jackson\core\jackson-databind\2.13.0\jackson-databind-2.13.0.jar;D:\apache-maven-3.5.4\repository\com\fasterxml\jackson\core\jackson-annotations\2.13.0\jackson-annotations-2.13.0.jar;D:\apache-maven-3.5.4\repository\com\fasterxml\jackson\core\jackson-core\2.13.0\jackson-core-2.13.0.jar;D:\apache-maven-3.5.4\repository\com\fasterxml\jackson\datatype\jackson-datatype-jdk8\2.13.0\jackson-datatype-jdk8-2.13.0.jar;D:\apache-maven-3.5.4\repository\com\fasterxml\jackson\datatype\jackson-datatype-jsr310\2.13.0\jackson-datatype-jsr310-2.13.0.jar;D:\apache-maven-3.5.4\repository\com\fasterxml\jackson\module\jackson-module-parameter-names\2.13.0\jackson-module-parameter-names-2.13.0.jar;D:\apache-maven-3.5.4\repository\org\springframework\boot\spring-boot-starter-tomcat\2.6.1\spring-boot-starter-tomcat-2.6.1.jar;D:\apache-maven-3.5.4\repository\org\apache\tomcat\embed\tomcat-embed-core\9.0.55\tomcat-embed-core-9.0.55.jar;D:\apache-maven-3.5.4\repository\org\apache\tomcat\embed\tomcat-embed-el\9.0.55\tomcat-embed-el-9.0.55.jar;D:\apache-maven-3.5.4\repository\org\apache\tomcat\embed\tomcat-embed-websocket\9.0.55\tomcat-embed-websocket-9.0.55.jar;D:\apache-maven-3.5.4\repository\org\springframework\spring-web\5.3.13\spring-web-5.3.13.jar;D:\apache-maven-3.5.4\repository\org\springframework\spring-beans\5.3.13\spring-beans-5.3.13.jar;D:\apache-maven-3.5.4\repository\org\springframework\spring-webmvc\5.3.13\spring-webmvc-5.3.13.jar;D:\apache-maven-3.5.4\repository\org\springframework\spring-aop\5.3.13\spring-aop-5.3.13.jar;D:\apache-maven-3.5.4\repository\org\springframework\spring-context\5.3.13\spring-context-5.3.13.jar;D:\apache-maven-3.5.4\repository\org\springframework\spring-expression\5.3.13\spring-expression-5.3.13.jar;D:\apache-maven-3.5.4\repository\org\projectlombok\lombok\1.18.22\lombok-1.18.22.jar;D:\apache-maven-3.5.4\repository\org\springframework\boot\spring-boot-starter-test\2.6.1\spring-boot-starter-test-2.6.1.jar;D:\apache-maven-3.5.4\repository\org\springframework\boot\spring-boot-test\2.6.1\spring-boot-test-2.6.1.jar;D:\apache-maven-3.5.4\repository\org\springframework\boot\spring-boot-test-autoconfigure\2.6.1\spring-boot-test-autoconfigure-2.6.1.jar;D:\apache-maven-3.5.4\repository\com\jayway\jsonpath\json-path\2.6.0\json-path-2.6.0.jar;D:\apache-maven-3.5.4\repository\net\minidev\json-smart\2.4.7\json-smart-2.4.7.jar;D:\apache-maven-3.5.4\repository\net\minidev\accessors-smart\2.4.7\accessors-smart-2.4.7.jar;D:\apache-maven-3.5.4\repository\org\ow2\asm\asm\9.1\asm-9.1.jar;D:\apache-maven-3.5.4\repository\jakarta\xml\bind\jakarta.xml.bind-api\2.3.3\jakarta.xml.bind-api-2.3.3.jar;D:\apache-maven-3.5.4\repository\jakarta\activation\jakarta.activation-api\1.2.2\jakarta.activation-api-1.2.2.jar;D:\apache-maven-3.5.4\repository\org\assertj\assertj-core\3.21.0\assertj-core-3.21.0.jar;D:\apache-maven-3.5.4\repository\org\hamcrest\hamcrest\2.2\hamcrest-2.2.jar;D:\apache-maven-3.5.4\repository\org\junit\jupiter\junit-jupiter\5.8.1\junit-jupiter-5.8.1.jar;D:\apache-maven-3.5.4\repository\org\junit\jupiter\junit-jupiter-api\5.8.1\junit-jupiter-api-5.8.1.jar;D:\apache-maven-3.5.4\repository\org\opentest4j\opentest4j\1.2.0\opentest4j-1.2.0.jar;D:\apache-maven-3.5.4\repository\org\junit\platform\junit-platform-commons\1.8.1\junit-platform-commons-1.8.1.jar;D:\apache-maven-3.5.4\repository\org\apiguardian\apiguardian-api\1.1.2\apiguardian-api-1.1.2.jar;D:\apache-maven-3.5.4\repository\org\junit\jupiter\junit-jupiter-params\5.8.1\junit-jupiter-params-5.8.1.jar;D:\apache-maven-3.5.4\repository\org\junit\jupiter\junit-jupiter-engine\5.8.1\junit-jupiter-engine-5.8.1.jar;D:\apache-maven-3.5.4\repository\org\junit\platform\junit-platform-engine\1.8.1\junit-platform-engine-1.8.1.jar;D:\apache-maven-3.5.4\repository\org\mockito\mockito-core\4.0.0\mockito-core-4.0.0.jar;D:\apache-maven-3.5.4\repository\net\bytebuddy\byte-buddy\1.11.22\byte-buddy-1.11.22.jar;D:\apache-maven-3.5.4\repository\net\bytebuddy\byte-buddy-agent\1.11.22\byte-buddy-agent-1.11.22.jar;D:\apache-maven-3.5.4\repository\org\objenesis\objenesis\3.2\objenesis-3.2.jar;D:\apache-maven-3.5.4\repository\org\mockito\mockito-junit-jupiter\4.0.0\mockito-junit-jupiter-4.0.0.jar;D:\apache-maven-3.5.4\repository\org\skyscreamer\jsonassert\1.5.0\jsonassert-1.5.0.jar;D:\apache-maven-3.5.4\repository\com\vaadin\external\google\android-json\0.0.20131108.vaadin1\android-json-0.0.20131108.vaadin1.jar;D:\apache-maven-3.5.4\repository\org\springframework\spring-core\5.3.13\spring-core-5.3.13.jar;D:\apache-maven-3.5.4\repository\org\springframework\spring-jcl\5.3.13\spring-jcl-5.3.13.jar;D:\apache-maven-3.5.4\repository\org\springframework\spring-test\5.3.13\spring-test-5.3.13.jar;D:\apache-maven-3.5.4\repository\org\xmlunit\xmlunit-core\2.8.3\xmlunit-core-2.8.3.jar;D:\apache-maven-3.5.4\repository\cloud\tianai\captcha\tianai-captcha-springboot-starter\1.5.0\tianai-captcha-springboot-starter-1.5.0.jar;D:\apache-maven-3.5.4\repository\org\apache\commons\commons-lang3\3.12.0\commons-lang3-3.12.0.jar;D:\apache-maven-3.5.4\repository\com\google\code\gson\gson\2.8.9\gson-2.8.9.jar;D:\apache-maven-3.5.4\repository\org\springframework\boot\spring-boot-autoconfigure\2.6.1\spring-boot-autoconfigure-2.6.1.jar;D:\apache-maven-3.5.4\repository\org\springframework\boot\spring-boot-autoconfigure-processor\2.6.1\spring-boot-autoconfigure-processor-2.6.1.jar;D:\apache-maven-3.5.4\repository\org\springframework\boot\spring-boot-configuration-processor\2.6.1\spring-boot-configuration-processor-2.6.1.jar;D:\apache-maven-3.5.4\repository\cloud\tianai\captcha\tianai-captcha\1.5.0\tianai-captcha-1.5.0.jar;"/>
    <property name="sun.cpu.endian" value="little"/>
    <property name="user.home" value="C:\Users\Qingshi"/>
    <property name="user.language" value="zh"/>
    <property name="java.specification.vendor" value="Oracle Corporation"/>
    <property name="java.home" value="D:\jdk1.8\jre"/>
    <property name="basedir" value="D:\back_end\tianai-captcha-demo-master"/>
    <property name="file.separator" value="\"/>
    <property name="line.separator" value="&#10;"/>
    <property name="java.vm.specification.vendor" value="Oracle Corporation"/>
    <property name="java.specification.name" value="Java Platform API Specification"/>
    <property name="java.awt.graphicsenv" value="sun.awt.Win32GraphicsEnvironment"/>
    <property name="surefire.real.class.path" value="C:\Users\Qingshi\AppData\Local\Temp\surefire2541666452247554855\surefirebooter7105216409520878459.jar"/>
    <property name="sun.boot.class.path" value="D:\jdk1.8\jre\lib\resources.jar;D:\jdk1.8\jre\lib\rt.jar;D:\jdk1.8\jre\lib\jsse.jar;D:\jdk1.8\jre\lib\jce.jar;D:\jdk1.8\jre\lib\charsets.jar;D:\jdk1.8\jre\lib\jfr.jar;D:\jdk1.8\jre\classes"/>
    <property name="user.script" value=""/>
    <property name="sun.management.compiler" value="HotSpot 64-Bit Tiered Compilers"/>
    <property name="java.runtime.version" value="1.8.0_401-b10"/>
    <property name="user.name" value="Qingshi"/>
    <property name="path.separator" value=";"/>
    <property name="os.version" value="10.0"/>
    <property name="java.endorsed.dirs" value="D:\jdk1.8\jre\lib\endorsed"/>
    <property name="java.runtime.name" value="Java(TM) SE Runtime Environment"/>
    <property name="file.encoding" value="GBK"/>
    <property name="java.vm.name" value="Java HotSpot(TM) 64-Bit Server VM"/>
    <property name="localRepository" value="D:\apache-maven-3.5.4\repository"/>
    <property name="java.vendor.url.bug" value="http://bugreport.sun.com/bugreport/"/>
    <property name="java.io.tmpdir" value="C:\Users\Qingshi\AppData\Local\Temp\"/>
    <property name="idea.version" value="2023.3.7"/>
    <property name="java.version" value="1.8.0_401"/>
    <property name="user.dir" value="D:\back_end\tianai-captcha-demo-master"/>
    <property name="os.arch" value="amd64"/>
    <property name="java.vm.specification.name" value="Java Virtual Machine Specification"/>
    <property name="java.awt.printerjob" value="sun.awt.windows.WPrinterJob"/>
    <property name="sun.os.patch.level" value=""/>
    <property name="java.library.path" value="D:\jdk1.8\jre\bin;C:\WINDOWS\Sun\Java\bin;C:\WINDOWS\system32;C:\WINDOWS;C:\Program Files (x86)\Common Files\Oracle\Java\javapath;C:\WINDOWS\system32;C:\WINDOWS;C:\WINDOWS\System32\Wbem;C:\WINDOWS\System32\WindowsPowerShell\v1.0\;C:\WINDOWS\System32\OpenSSH\;C:\Program Files\Git\cmd;C:\Users\Qingshi\AppData\Roaming\nvm;C:\Program Files\nodejs;C:\Program Files (x86)\Yarn\bin\;C:\Program Files (x86)\Tencent\微信web开发者工具\dll;%MAVEN_HOME%\bin;D:\apache-tomcat-9.0.91\bin;%Java_Home%\bin;%Java_Home%\jre\bin;%CATALINA_HOME%\bin;C:\Users\Qingshi\AppData\Local\Microsoft\WindowsApps;C:\Users\Qingshi\AppData\Roaming\nvm;C:\Program Files\nodejs;C:\Users\Qingshi\AppData\Local\Programs\Microsoft VS Code\bin;C:\Users\Qingshi\AppData\Local\Yarn\bin;D:\IntelliJ IDEA 2023.3.7\bin;;D:\apache-maven-3.5.4\bin;D:\jdk1.8\bin;D:\jdk1.8\jre\bin;;."/>
    <property name="java.vm.info" value="mixed mode"/>
    <property name="java.vendor" value="Oracle Corporation"/>
    <property name="java.vm.version" value="25.401-b10"/>
    <property name="java.specification.maintenance.version" value="5"/>
    <property name="java.ext.dirs" value="D:\jdk1.8\jre\lib\ext;C:\WINDOWS\Sun\Java\lib\ext"/>
    <property name="sun.io.unicode.encoding" value="UnicodeLittle"/>
    <property name="maven.repo.local" value="D:\apache-maven-3.5.4\repository"/>
    <property name="java.class.version" value="52.0"/>
  </properties>
  <testcase name="contextLoads" classname="cloud.tianai.captcha.demo.TianaiCaptchaDemoApplicationTests" time="0.133"/>
</testsuite>